{"numFailedTestSuites":1,"numFailedTests":1,"numPassedTestSuites":2,"numPassedTests":12,"numPendingTestSuites":0,"numPendingTests":0,"numRuntimeErrorTestSuites":0,"numTodoTests":0,"numTotalTestSuites":3,"numTotalTests":13,"openHandles":[],"snapshot":{"added":0,"didUpdate":false,"failure":false,"filesAdded":0,"filesRemoved":0,"filesRemovedList":[],"filesUnmatched":0,"filesUpdated":0,"matched":0,"total":0,"unchecked":0,"uncheckedKeysByFile":[],"unmatched":0,"updated":0},"startTime":1616973532885,"success":false,"testResults":[{"assertionResults":[{"ancestorTitles":["Node factory spec"],"failureMessages":[],"fullName":"Node factory spec getProcedures should return correct values","location":null,"status":"passed","title":"getProcedures should return correct values"},{"ancestorTitles":["Node factory spec"],"failureMessages":[],"fullName":"Node factory spec getConditions should return correct values","location":null,"status":"passed","title":"getConditions should return correct values"},{"ancestorTitles":["Node factory spec"],"failureMessages":[],"fullName":"Node factory spec getCommon should return correct values","location":null,"status":"passed","title":"getCommon should return correct values"},{"ancestorTitles":["Node factory spec"],"failureMessages":[],"fullName":"Node factory spec getPatientObservations should return correct values","location":null,"status":"passed","title":"getPatientObservations should return correct values"},{"ancestorTitles":["Node factory spec"],"failureMessages":[],"fullName":"Node factory spec getPatientProcedures should return correct values","location":null,"status":"passed","title":"getPatientProcedures should return correct values"},{"ancestorTitles":["Node factory spec"],"failureMessages":[],"fullName":"Node factory spec getPatientConditions should return correct values","location":null,"status":"passed","title":"getPatientConditions should return correct values"},{"ancestorTitles":["Node factory spec"],"failureMessages":[],"fullName":"Node factory spec getPatientImmunizations should return correct values","location":null,"status":"passed","title":"getPatientImmunizations should return correct values"},{"ancestorTitles":["Node factory spec"],"failureMessages":[],"fullName":"Node factory spec getObservations should return correct values","location":null,"status":"passed","title":"getObservations should return correct values"},{"ancestorTitles":["Node factory spec"],"failureMessages":[],"fullName":"Node factory spec getImmunizations should return correct values","location":null,"status":"passed","title":"getImmunizations should return correct values"},{"ancestorTitles":["Node factory spec"],"failureMessages":[],"fullName":"Node factory spec random should return correct values","location":null,"status":"passed","title":"random should return correct values"}],"endTime":1616973533616,"message":"","name":"/Users/jakub_mularski/Downloads/chatbot_frontend_comp0016/tests/unit/node.factory.spec.js","startTime":1616973533228,"status":"passed","summary":""},{"assertionResults":[{"ancestorTitles":["Chat Events"],"failureMessages":["TypeError: server.listeners is not a function\n    at Server.attach (/Users/jakub_mularski/Downloads/chatbot_frontend_comp0016/node_modules/engine.io/lib/server.js:397:30)\n    at Function.attach (/Users/jakub_mularski/Downloads/chatbot_frontend_comp0016/node_modules/engine.io/lib/engine.io.js:125:10)\n    at Server.initEngine (/Users/jakub_mularski/Downloads/chatbot_frontend_comp0016/node_modules/socket.io/dist/index.js:168:27)\n    at Server.attach (/Users/jakub_mularski/Downloads/chatbot_frontend_comp0016/node_modules/socket.io/dist/index.js:155:14)\n    at new Server (/Users/jakub_mularski/Downloads/chatbot_frontend_comp0016/node_modules/socket.io/dist/index.js:67:18)\n    at io (/Users/jakub_mularski/Downloads/chatbot_frontend_comp0016/node_modules/socket.io/dist/index.js:448:33)\n    at Object.beforeEach (/Users/jakub_mularski/Downloads/chatbot_frontend_comp0016/tests/integration/socket.spec.js:18:22)\n    at resolve (/Users/jakub_mularski/Downloads/chatbot_frontend_comp0016/node_modules/jest-jasmine2/build/queueRunner.js:45:12)\n    at new Promise (<anonymous>)\n    at mapper (/Users/jakub_mularski/Downloads/chatbot_frontend_comp0016/node_modules/jest-jasmine2/build/queueRunner.js:28:19)","TypeError: Cannot read property 'emit' of undefined\n    at Object.done (/Users/jakub_mularski/Downloads/chatbot_frontend_comp0016/tests/integration/socket.spec.js:32:16)\n    at resolve (/Users/jakub_mularski/Downloads/chatbot_frontend_comp0016/node_modules/jest-jasmine2/build/queueRunner.js:45:12)\n    at new Promise (<anonymous>)\n    at mapper (/Users/jakub_mularski/Downloads/chatbot_frontend_comp0016/node_modules/jest-jasmine2/build/queueRunner.js:28:19)\n    at promise.then (/Users/jakub_mularski/Downloads/chatbot_frontend_comp0016/node_modules/jest-jasmine2/build/queueRunner.js:75:41)\n    at process._tickCallback (internal/process/next_tick.js:68:7)","TypeError: Cannot read property 'disconnect' of undefined\n    at Object.done (/Users/jakub_mularski/Downloads/chatbot_frontend_comp0016/tests/integration/socket.spec.js:25:14)\n    at resolve (/Users/jakub_mularski/Downloads/chatbot_frontend_comp0016/node_modules/jest-jasmine2/build/queueRunner.js:45:12)\n    at new Promise (<anonymous>)\n    at mapper (/Users/jakub_mularski/Downloads/chatbot_frontend_comp0016/node_modules/jest-jasmine2/build/queueRunner.js:28:19)\n    at promise.then (/Users/jakub_mularski/Downloads/chatbot_frontend_comp0016/node_modules/jest-jasmine2/build/queueRunner.js:75:41)\n    at process._tickCallback (internal/process/next_tick.js:68:7)"],"fullName":"Chat Events client should receive a correct answer","location":null,"status":"failed","title":"client should receive a correct answer"}],"endTime":1616973533987,"message":"\u001b[1m\u001b[31m  \u001b[1m● \u001b[22m\u001b[1mChat Events › client should receive a correct answer\u001b[39m\u001b[22m\n\n    TypeError: server.listeners is not a function\n\u001b[2m\u001b[22m\n\u001b[2m    \u001b[0m \u001b[90m 16 | \u001b[39m\u001b[0m\u001b[22m\n\u001b[2m    \u001b[0m \u001b[90m 17 | \u001b[39m    beforeEach(async done \u001b[33m=>\u001b[39m {\u001b[0m\u001b[22m\n\u001b[2m    \u001b[0m\u001b[31m\u001b[1m>\u001b[22m\u001b[2m\u001b[39m\u001b[90m 18 | \u001b[39m      sender \u001b[33m=\u001b[39m await io(\u001b[32m'http://localhost:3001/'\u001b[39m\u001b[33m,\u001b[39m ioOptions)\u001b[33m;\u001b[39m\u001b[0m\u001b[22m\n\u001b[2m    \u001b[0m \u001b[90m    | \u001b[39m                     \u001b[31m\u001b[1m^\u001b[22m\u001b[2m\u001b[39m\u001b[0m\u001b[22m\n\u001b[2m    \u001b[0m \u001b[90m 19 | \u001b[39m      receiver \u001b[33m=\u001b[39m await io(\u001b[32m'http://localhost:3001/'\u001b[39m\u001b[33m,\u001b[39m ioOptions)\u001b[33m;\u001b[39m\u001b[0m\u001b[22m\n\u001b[2m    \u001b[0m \u001b[90m 20 | \u001b[39m      \u001b[0m\u001b[22m\n\u001b[2m    \u001b[0m \u001b[90m 21 | \u001b[39m      done()\u001b[33m;\u001b[39m\u001b[0m\u001b[22m\n\u001b[2m\u001b[22m\n\u001b[2m      \u001b[2mat Server.attach (\u001b[22m\u001b[2mnode_modules/engine.io/lib/server.js\u001b[2m:397:30)\u001b[22m\u001b[2m\u001b[22m\n\u001b[2m      \u001b[2mat Function.attach (\u001b[22m\u001b[2mnode_modules/engine.io/lib/engine.io.js\u001b[2m:125:10)\u001b[22m\u001b[2m\u001b[22m\n\u001b[2m      \u001b[2mat Server.initEngine (\u001b[22m\u001b[2mnode_modules/socket.io/dist/index.js\u001b[2m:168:27)\u001b[22m\u001b[2m\u001b[22m\n\u001b[2m      \u001b[2mat Server.attach (\u001b[22m\u001b[2mnode_modules/socket.io/dist/index.js\u001b[2m:155:14)\u001b[22m\u001b[2m\u001b[22m\n\u001b[2m      \u001b[2mat new Server (\u001b[22m\u001b[2mnode_modules/socket.io/dist/index.js\u001b[2m:67:18)\u001b[22m\u001b[2m\u001b[22m\n\u001b[2m      \u001b[2mat io (\u001b[22m\u001b[2mnode_modules/socket.io/dist/index.js\u001b[2m:448:33)\u001b[22m\u001b[2m\u001b[22m\n\u001b[2m      \u001b[2mat Object.beforeEach (\u001b[22m\u001b[2m\u001b[0m\u001b[36mtests/integration/socket.spec.js\u001b[39m\u001b[0m\u001b[2m:18:22)\u001b[22m\u001b[2m\u001b[22m\n\n\u001b[1m\u001b[31m  \u001b[1m● \u001b[22m\u001b[1mChat Events › client should receive a correct answer\u001b[39m\u001b[22m\n\n    TypeError: Cannot read property 'emit' of undefined\n\u001b[2m\u001b[22m\n\u001b[2m    \u001b[0m \u001b[90m 30 | \u001b[39m\u001b[0m\u001b[22m\n\u001b[2m    \u001b[0m \u001b[90m 31 | \u001b[39m    it(\u001b[32m'client should receive a correct answer'\u001b[39m\u001b[33m,\u001b[39m done \u001b[33m=>\u001b[39m {\u001b[0m\u001b[22m\n\u001b[2m    \u001b[0m\u001b[31m\u001b[1m>\u001b[22m\u001b[2m\u001b[39m\u001b[90m 32 | \u001b[39m      receiver\u001b[33m.\u001b[39memit(\u001b[32m'chatMessage'\u001b[39m\u001b[33m,\u001b[39m data\u001b[33m.\u001b[39mmessage)\u001b[33m;\u001b[39m\u001b[0m\u001b[22m\n\u001b[2m    \u001b[0m \u001b[90m    | \u001b[39m               \u001b[31m\u001b[1m^\u001b[22m\u001b[2m\u001b[39m\u001b[0m\u001b[22m\n\u001b[2m    \u001b[0m \u001b[90m 33 | \u001b[39m\u001b[0m\u001b[22m\n\u001b[2m    \u001b[0m \u001b[90m 34 | \u001b[39m      sender\u001b[33m.\u001b[39mon(\u001b[32m'chatMessage'\u001b[39m\u001b[33m,\u001b[39m () \u001b[33m=>\u001b[39m {\u001b[0m\u001b[22m\n\u001b[2m    \u001b[0m \u001b[90m 35 | \u001b[39m        sender\u001b[33m.\u001b[39memit(\u001b[32m'message'\u001b[39m\u001b[33m,\u001b[39m data\u001b[33m.\u001b[39mresponse)\u001b[33m;\u001b[39m\u001b[0m\u001b[22m\n\u001b[2m\u001b[22m\n\u001b[2m      \u001b[2mat Object.done (\u001b[22m\u001b[2m\u001b[0m\u001b[36mtests/integration/socket.spec.js\u001b[39m\u001b[0m\u001b[2m:32:16)\u001b[22m\u001b[2m\u001b[22m\n\n\u001b[1m\u001b[31m  \u001b[1m● \u001b[22m\u001b[1mChat Events › client should receive a correct answer\u001b[39m\u001b[22m\n\n    TypeError: Cannot read property 'disconnect' of undefined\n\u001b[2m\u001b[22m\n\u001b[2m    \u001b[0m \u001b[90m 23 | \u001b[39m\u001b[0m\u001b[22m\n\u001b[2m    \u001b[0m \u001b[90m 24 | \u001b[39m    afterEach(done \u001b[33m=>\u001b[39m {\u001b[0m\u001b[22m\n\u001b[2m    \u001b[0m\u001b[31m\u001b[1m>\u001b[22m\u001b[2m\u001b[39m\u001b[90m 25 | \u001b[39m      sender\u001b[33m.\u001b[39mdisconnect()\u001b[33m;\u001b[39m\u001b[0m\u001b[22m\n\u001b[2m    \u001b[0m \u001b[90m    | \u001b[39m             \u001b[31m\u001b[1m^\u001b[22m\u001b[2m\u001b[39m\u001b[0m\u001b[22m\n\u001b[2m    \u001b[0m \u001b[90m 26 | \u001b[39m      receiver\u001b[33m.\u001b[39mdisconnect()\u001b[33m;\u001b[39m\u001b[0m\u001b[22m\n\u001b[2m    \u001b[0m \u001b[90m 27 | \u001b[39m      \u001b[0m\u001b[22m\n\u001b[2m    \u001b[0m \u001b[90m 28 | \u001b[39m      done()\u001b[33m;\u001b[39m\u001b[0m\u001b[22m\n\u001b[2m\u001b[22m\n\u001b[2m      \u001b[2mat Object.done (\u001b[22m\u001b[2m\u001b[0m\u001b[36mtests/integration/socket.spec.js\u001b[39m\u001b[0m\u001b[2m:25:14)\u001b[22m\u001b[2m\u001b[22m\n","name":"/Users/jakub_mularski/Downloads/chatbot_frontend_comp0016/tests/integration/socket.spec.js","startTime":1616973533222,"status":"failed","summary":""},{"assertionResults":[{"ancestorTitles":["Prediction tests"],"failureMessages":[],"fullName":"Prediction tests returns correct prediction","location":null,"status":"passed","title":"returns correct prediction"},{"ancestorTitles":["Prediction tests"],"failureMessages":[],"fullName":"Prediction tests returns correct entities","location":null,"status":"passed","title":"returns correct entities"}],"endTime":1616973535727,"message":"","name":"/Users/jakub_mularski/Downloads/chatbot_frontend_comp0016/tests/unit/predict.spec.js","startTime":1616973533222,"status":"passed","summary":""}],"wasInterrupted":false}