{"numFailedTestSuites":0,"numFailedTests":0,"numPassedTestSuites":3,"numPassedTests":13,"numPendingTestSuites":0,"numPendingTests":0,"numRuntimeErrorTestSuites":0,"numTodoTests":0,"numTotalTestSuites":3,"numTotalTests":13,"openHandles":[],"snapshot":{"added":0,"didUpdate":false,"failure":false,"filesAdded":0,"filesRemoved":0,"filesRemovedList":[],"filesUnmatched":0,"filesUpdated":0,"matched":0,"total":0,"unchecked":0,"uncheckedKeysByFile":[],"unmatched":0,"updated":0},"startTime":1616999134155,"success":true,"testResults":[{"assertionResults":[{"ancestorTitles":["Node factory spec"],"failureMessages":[],"fullName":"Node factory spec getProcedures should return correct values","location":null,"status":"passed","title":"getProcedures should return correct values"},{"ancestorTitles":["Node factory spec"],"failureMessages":[],"fullName":"Node factory spec getConditions should return correct values","location":null,"status":"passed","title":"getConditions should return correct values"},{"ancestorTitles":["Node factory spec"],"failureMessages":[],"fullName":"Node factory spec getCommon should return correct values","location":null,"status":"passed","title":"getCommon should return correct values"},{"ancestorTitles":["Node factory spec"],"failureMessages":[],"fullName":"Node factory spec getPatientObservations should return correct values","location":null,"status":"passed","title":"getPatientObservations should return correct values"},{"ancestorTitles":["Node factory spec"],"failureMessages":[],"fullName":"Node factory spec getPatientProcedures should return correct values","location":null,"status":"passed","title":"getPatientProcedures should return correct values"},{"ancestorTitles":["Node factory spec"],"failureMessages":[],"fullName":"Node factory spec getPatientConditions should return correct values","location":null,"status":"passed","title":"getPatientConditions should return correct values"},{"ancestorTitles":["Node factory spec"],"failureMessages":[],"fullName":"Node factory spec getPatientImmunizations should return correct values","location":null,"status":"passed","title":"getPatientImmunizations should return correct values"},{"ancestorTitles":["Node factory spec"],"failureMessages":[],"fullName":"Node factory spec getObservations should return correct values","location":null,"status":"passed","title":"getObservations should return correct values"},{"ancestorTitles":["Node factory spec"],"failureMessages":[],"fullName":"Node factory spec getImmunizations should return correct values","location":null,"status":"passed","title":"getImmunizations should return correct values"},{"ancestorTitles":["Node factory spec"],"failureMessages":[],"fullName":"Node factory spec random should return correct values","location":null,"status":"passed","title":"random should return correct values"}],"endTime":1616999135115,"message":"","name":"/Users/jakub_mularski/Downloads/chatbot_frontend_comp0016/tests/unit/node.factory.spec.js","startTime":1616999134596,"status":"passed","summary":""},{"assertionResults":[{"ancestorTitles":["Chat Events"],"failureMessages":[],"fullName":"Chat Events client should receive a correct answer","location":null,"status":"passed","title":"client should receive a correct answer"}],"endTime":1616999135714,"message":"","name":"/Users/jakub_mularski/Downloads/chatbot_frontend_comp0016/tests/integration/socket.spec.js","startTime":1616999134591,"status":"passed","summary":""},{"assertionResults":[{"ancestorTitles":["Prediction tests"],"failureMessages":[],"fullName":"Prediction tests returns correct prediction","location":null,"status":"passed","title":"returns correct prediction"},{"ancestorTitles":["Prediction tests"],"failureMessages":[],"fullName":"Prediction tests returns correct entities","location":null,"status":"passed","title":"returns correct entities"}],"endTime":1616999140088,"message":"","name":"/Users/jakub_mularski/Downloads/chatbot_frontend_comp0016/tests/unit/predict.spec.js","startTime":1616999134591,"status":"passed","summary":""}],"wasInterrupted":false}